<?xml version="1.0" encoding="utf-8"?>
<TestRun id="9223fb5d-4f78-49bb-8d7f-7c75a385018e" name="IvanY@CP116 2021-05-17 15:56:47" runUser="TEAM\IvanY" xmlns="http://microsoft.com/schemas/VisualStudio/TeamTest/2010">
  <Times creation="2021-05-17T15:56:47.6419517+03:00" queuing="2021-05-17T15:56:47.6419531+03:00" start="2021-05-17T15:56:43.4555529+03:00" finish="2021-05-17T15:56:47.6562523+03:00" />
  <TestSettings name="default" id="927dcbe8-68ff-4fdd-b083-8517b11b72fa">
    <Deployment runDeploymentRoot="IvanY_CP116_2021-05-17_15_56_47" />
  </TestSettings>
  <Results>
    <UnitTestResult executionId="ec68165b-41a3-4262-8c48-a74316c9e2eb" testId="c42e0da4-43c1-4ba0-e099-c25eaaa653de" testName="FirstUITest" computerName="CP116" duration="00:00:02.0070000" startTime="2021-05-17T15:56:45.2169842+03:00" endTime="2021-05-17T15:56:47.2239214+03:00" testType="13cdc9d9-ddb5-4fa4-a97d-d965ccfc6d4b" outcome="Failed" testListId="8c84fa94-04c1-424b-9868-57a2d4851a1d" relativeResultsDirectory="ec68165b-41a3-4262-8c48-a74316c9e2eb">
      <Output>
        <ErrorInfo>
          <Message>OneTimeSetUp: System.ArgumentException : Type of member 'MenuList' is not IWebElement or IList&lt;IWebElement&gt;</Message>
        </ErrorInfo>
      </Output>
    </UnitTestResult>
  </Results>
  <TestDefinitions>
    <UnitTest name="FirstUITest" storage="c:\users\ivany\work\coe\cources\internal\AutoPractice14base\tests.ui\bin\debug\netcoreapp2.1\tests.ui.dll" id="c42e0da4-43c1-4ba0-e099-c25eaaa653de">
      <Execution id="ec68165b-41a3-4262-8c48-a74316c9e2eb" />
      <TestMethod codeBase="c:\Users\IvanY\Work\COE\Cources\Internal\AutoPractice14base\Tests.UI\bin\Debug\netcoreapp2.1\Tests.UI.dll" adapterTypeName="executor://nunit3testexecutor/" className="Tests.UI.Tests.WebDriverTests" name="FirstUITest" />
    </UnitTest>
  </TestDefinitions>
  <TestEntries>
    <TestEntry testId="c42e0da4-43c1-4ba0-e099-c25eaaa653de" executionId="ec68165b-41a3-4262-8c48-a74316c9e2eb" testListId="8c84fa94-04c1-424b-9868-57a2d4851a1d" />
  </TestEntries>
  <TestLists>
    <TestList name="Results Not in a List" id="8c84fa94-04c1-424b-9868-57a2d4851a1d" />
    <TestList name="All Loaded Results" id="19431567-8539-422a-85d7-44ee4e166bda" />
  </TestLists>
  <ResultSummary outcome="Failed">
    <Counters total="1" executed="1" passed="0" failed="1" error="0" timeout="0" aborted="0" inconclusive="0" passedButRunAborted="0" notRunnable="0" notExecuted="0" disconnected="0" warning="0" completed="0" inProgress="0" pending="0" />
    <Output>
      <StdOut>NUnit Adapter 3.17.0.0: Test execution started&#xD;
Running all tests in c:\Users\IvanY\Work\COE\Cources\Internal\AutoPractice14base\Tests.UI\bin\Debug\netcoreapp2.1\Tests.UI.dll&#xD;
   NUnit3TestExecutor discovered 1 of 1 NUnit test cases&#xD;
NUnit Adapter 3.17.0.0: Test execution complete&#xD;
</StdOut>
    </Output>
    <RunInfos>
      <RunInfo computerName="CP116" outcome="Warning" timestamp="2021-05-17T15:56:47.3675770+03:00">
        <Text>Setup failed for test fixture Tests.UI.Tests.WebDriverTests</Text>
      </RunInfo>
      <RunInfo computerName="CP116" outcome="Warning" timestamp="2021-05-17T15:56:47.3696496+03:00">
        <Text>System.ArgumentException : Type of member 'MenuList' is not IWebElement or IList&lt;IWebElement&gt;</Text>
      </RunInfo>
    </RunInfos>
  </ResultSummary>
</TestRun>