<?xml version="1.0" encoding="utf-8"?>
<TestRun id="322e4227-be5a-45af-919f-2508e9d338b5" name="IvanY@CP116 2021-05-17 15:44:06" runUser="TEAM\IvanY" xmlns="http://microsoft.com/schemas/VisualStudio/TeamTest/2010">
  <Times creation="2021-05-17T15:44:06.4631402+03:00" queuing="2021-05-17T15:44:06.4631413+03:00" start="2021-05-17T15:44:01.2968720+03:00" finish="2021-05-17T15:44:06.4760612+03:00" />
  <TestSettings name="default" id="4b05f21a-ca97-4d86-a1b7-f7dfa139d3b9">
    <Deployment runDeploymentRoot="IvanY_CP116_2021-05-17_15_44_06" />
  </TestSettings>
  <Results>
    <UnitTestResult executionId="4f7c3d14-fb12-48c4-abd2-7fe866ec5bf7" testId="c42e0da4-43c1-4ba0-e099-c25eaaa653de" testName="FirstUITest" computerName="CP116" duration="00:00:01.6170000" startTime="2021-05-17T15:44:04.4412728+03:00" endTime="2021-05-17T15:44:06.0580371+03:00" testType="13cdc9d9-ddb5-4fa4-a97d-d965ccfc6d4b" outcome="Failed" testListId="8c84fa94-04c1-424b-9868-57a2d4851a1d" relativeResultsDirectory="4f7c3d14-fb12-48c4-abd2-7fe866ec5bf7">
      <Output>
        <ErrorInfo>
          <Message>OneTimeSetUp: System.ArgumentException : Type of member 'MenuList' is not IWebElement or IList&lt;IWebElement&gt;</Message>
        </ErrorInfo>
      </Output>
    </UnitTestResult>
  </Results>
  <TestDefinitions>
    <UnitTest name="FirstUITest" storage="c:\users\ivany\work\coe\cources\internal\AutoPractice14base\tests.ui\bin\debug\netcoreapp2.1\tests.ui.dll" id="c42e0da4-43c1-4ba0-e099-c25eaaa653de">
      <Execution id="4f7c3d14-fb12-48c4-abd2-7fe866ec5bf7" />
      <TestMethod codeBase="c:\Users\IvanY\Work\COE\Cources\Internal\AutoPractice14base\Tests.UI\bin\Debug\netcoreapp2.1\Tests.UI.dll" adapterTypeName="executor://nunit3testexecutor/" className="Tests.UI.Tests.WebDriverTests" name="FirstUITest" />
    </UnitTest>
  </TestDefinitions>
  <TestEntries>
    <TestEntry testId="c42e0da4-43c1-4ba0-e099-c25eaaa653de" executionId="4f7c3d14-fb12-48c4-abd2-7fe866ec5bf7" testListId="8c84fa94-04c1-424b-9868-57a2d4851a1d" />
  </TestEntries>
  <TestLists>
    <TestList name="Results Not in a List" id="8c84fa94-04c1-424b-9868-57a2d4851a1d" />
    <TestList name="All Loaded Results" id="19431567-8539-422a-85d7-44ee4e166bda" />
  </TestLists>
  <ResultSummary outcome="Failed">
    <Counters total="1" executed="1" passed="0" failed="1" error="0" timeout="0" aborted="0" inconclusive="0" passedButRunAborted="0" notRunnable="0" notExecuted="0" disconnected="0" warning="0" completed="0" inProgress="0" pending="0" />
    <Output>
      <StdOut>NUnit Adapter 3.17.0.0: Test execution started&#xD;
Running all tests in c:\Users\IvanY\Work\COE\Cources\Internal\AutoPractice14base\Tests.UI\bin\Debug\netcoreapp2.1\Tests.UI.dll&#xD;
   NUnit3TestExecutor discovered 1 of 1 NUnit test cases&#xD;
NUnit Adapter 3.17.0.0: Test execution complete&#xD;
</StdOut>
    </Output>
    <RunInfos>
      <RunInfo computerName="CP116" outcome="Warning" timestamp="2021-05-17T15:44:06.1786093+03:00">
        <Text>Setup failed for test fixture Tests.UI.Tests.WebDriverTests</Text>
      </RunInfo>
      <RunInfo computerName="CP116" outcome="Warning" timestamp="2021-05-17T15:44:06.1807220+03:00">
        <Text>System.ArgumentException : Type of member 'MenuList' is not IWebElement or IList&lt;IWebElement&gt;</Text>
      </RunInfo>
    </RunInfos>
  </ResultSummary>
</TestRun>